Using pre-set license
Built from '2020.2/release' branch; Version is '2020.2.1f1 (270dd8c3da1c) revision 2559448'; Using compiler version '192528614'; Build Type 'Release'
OS: 'Windows 10  (10.0.0) 64bit' Language: 'en' Physical Memory: 7123 MB
BatchMode: 1, IsHumanControllingUs: 0, StartBugReporterOnCrash: 0, Is64bit: 1, IsPro: 0

 COMMAND LINE ARGUMENTS:
C:\Program Files\Unity\Hub\Editor\2020.2.1f1\Editor\Unity.exe
-adb2
-batchMode
-noUpm
-name
AssetImportWorker1
-projectPath
C:/Users/Megha/Documents/Unity/MeghanC_UnityPrototype1/Unity Prototype_Pass1/Unity_Prototype
-logFile
Logs/AssetImportWorker1.log
-srvPort
49585
Successfully changed project path to: C:/Users/Megha/Documents/Unity/MeghanC_UnityPrototype1/Unity Prototype_Pass1/Unity_Prototype
C:/Users/Megha/Documents/Unity/MeghanC_UnityPrototype1/Unity Prototype_Pass1/Unity_Prototype
Using Asset Import Pipeline V2.
Refreshing native plugins compatible for Editor in 43.33 ms, found 0 plugins.
Preloading 0 native plugins for Editor in 0.00 ms.
Initialize engine version: 2020.2.1f1 (270dd8c3da1c)
[Subsystems] Discovering subsystems at path C:/Program Files/Unity/Hub/Editor/2020.2.1f1/Editor/Data/Resources/UnitySubsystems
[Subsystems] Discovering subsystems at path C:/Users/Megha/Documents/Unity/MeghanC_UnityPrototype1/Unity Prototype_Pass1/Unity_Prototype/Assets
GfxDevice: creating device client; threaded=0
Direct3D:
    Version:  Direct3D 11.0 [level 11.1]
    Renderer: AMD Radeon(TM) Vega 8 Graphics (ID=0x15dd)
    Vendor:   
    VRAM:     3561 MB
    Driver:   27.20.14501.18003
Initialize mono
Mono path[0] = 'C:/Program Files/Unity/Hub/Editor/2020.2.1f1/Editor/Data/Managed'
Mono path[1] = 'C:/Program Files/Unity/Hub/Editor/2020.2.1f1/Editor/Data/MonoBleedingEdge/lib/mono/unityjit'
Mono config path = 'C:/Program Files/Unity/Hub/Editor/2020.2.1f1/Editor/Data/MonoBleedingEdge/etc'
Using monoOptions --debugger-agent=transport=dt_socket,embedding=1,server=y,suspend=n,address=127.0.0.1:56076
Begin MonoManager ReloadAssembly
Registering precompiled unity dll's ...
Register platform support module: C:/Program Files/Unity/Hub/Editor/2020.2.1f1/Editor/Data/PlaybackEngines/MacStandaloneSupport/UnityEditor.OSXStandalone.Extensions.dll
Register platform support module: C:/Program Files/Unity/Hub/Editor/2020.2.1f1/Editor/Data/PlaybackEngines/WindowsStandaloneSupport/UnityEditor.WindowsStandalone.Extensions.dll
Registered in 0.004965 seconds.
Native extension for WindowsStandalone target not found
Native extension for OSXStandalone target not found
Refreshing native plugins compatible for Editor in 38.00 ms, found 0 plugins.
Preloading 0 native plugins for Editor in 0.00 ms.
Invoked RoslynAnalysisRunner static constructor.
RoslynAnalysisRunner will not be running.
RoslynAnalysisRunner has terminated.
Mono: successfully reloaded assembly
- Completed reload, in  2.285 seconds
Platform modules already initialized, skipping
Registering precompiled user dll's ...
Registered in 0.001378 seconds.
Begin MonoManager ReloadAssembly
Native extension for WindowsStandalone target not found
Native extension for OSXStandalone target not found
Refreshing native plugins compatible for Editor in 0.61 ms, found 0 plugins.
Preloading 0 native plugins for Editor in 0.00 ms.
Invoked RoslynAnalysisRunner static constructor.
RoslynAnalysisRunner will not be running.
RoslynAnalysisRunner has terminated.
Mono: successfully reloaded assembly
- Completed reload, in  3.710 seconds
Platform modules already initialized, skipping
========================================================================
Worker process is ready to serve import requests
Launched and connected shader compiler UnityShaderCompiler.exe after 0.10 seconds
Refreshing native plugins compatible for Editor in 0.44 ms, found 0 plugins.
Preloading 0 native plugins for Editor in 0.00 ms.
Unloading 1103 Unused Serialized files (Serialized files now loaded: 0)
System memory in use before: 61.4 MB.
System memory in use after: 61.5 MB.

Unloading 10 unused Assets to reduce memory usage. Loaded Objects now: 1555.
Total: 3.366300 ms (FindLiveObjects: 0.175800 ms CreateObjectMapping: 0.039000 ms MarkObjects: 2.925000 ms  DeleteObjects: 0.222700 ms)

========================================================================
Received Import Request.
  path: Assets/New Material 2.mat
  artifactKey: Guid(8e2c0230ba8d8f0439a191248df8865c) Importer(815301076,1909f56bfc062723c751e8b465ee728b)
Start importing Assets/New Material 2.mat using Guid(8e2c0230ba8d8f0439a191248df8865c) Importer(815301076,1909f56bfc062723c751e8b465ee728b)  -> (artifact id: '87e93bd2f559ee2decf4a426115256b9') in 0.248869 seconds
  Import took 0.251932 seconds .

========================================================================
Received Import Request.
  Time since last request: 823.261893 seconds.
  path: Assets/New Material 3.mat
  artifactKey: Guid(9239b57c631c5344383bf36d42e82462) Importer(815301076,1909f56bfc062723c751e8b465ee728b)
Start importing Assets/New Material 3.mat using Guid(9239b57c631c5344383bf36d42e82462) Importer(815301076,1909f56bfc062723c751e8b465ee728b)  -> (artifact id: '059c7c604f813679877d160350f92b45') in 0.027657 seconds
  Import took 0.038722 seconds .

========================================================================
Received Import Request.
  Time since last request: 1159.483951 seconds.
  path: Assets/New Material 2.mat
  artifactKey: Guid(8e2c0230ba8d8f0439a191248df8865c) Importer(815301076,1909f56bfc062723c751e8b465ee728b)
Start importing Assets/New Material 2.mat using Guid(8e2c0230ba8d8f0439a191248df8865c) Importer(815301076,1909f56bfc062723c751e8b465ee728b)  -> (artifact id: '9534868a764e28fb8483b50a371a919a') in 0.036924 seconds
  Import took 0.051440 seconds .

========================================================================
Received Import Request.
  Time since last request: 0.000833 seconds.
  path: Assets/New Material 3.mat
  artifactKey: Guid(9239b57c631c5344383bf36d42e82462) Importer(815301076,1909f56bfc062723c751e8b465ee728b)
Start importing Assets/New Material 3.mat using Guid(9239b57c631c5344383bf36d42e82462) Importer(815301076,1909f56bfc062723c751e8b465ee728b)  -> (artifact id: '3f88175850eb90b2e77407aa21e622a6') in 0.020934 seconds
  Import took 0.037859 seconds .

========================================================================
Received Prepare
Registering precompiled user dll's ...
Registered in 0.001260 seconds.
Begin MonoManager ReloadAssembly
Native extension for WindowsStandalone target not found
Native extension for OSXStandalone target not found
Refreshing native plugins compatible for Editor in 0.39 ms, found 0 plugins.
Preloading 0 native plugins for Editor in 0.00 ms.
Invoked RoslynAnalysisRunner static constructor.
RoslynAnalysisRunner will not be running.
RoslynAnalysisRunner has terminated.
Mono: successfully reloaded assembly
- Completed reload, in  1.446 seconds
Platform modules already initialized, skipping
Refreshing native plugins compatible for Editor in 0.33 ms, found 0 plugins.
Preloading 0 native plugins for Editor in 0.00 ms.
Unloading 1115 Unused Serialized files (Serialized files now loaded: 0)
System memory in use before: 65.3 MB.
System memory in use after: 65.3 MB.

Unloading 5 unused Assets to reduce memory usage. Loaded Objects now: 1615.
Total: 2.878100 ms (FindLiveObjects: 0.448500 ms CreateObjectMapping: 0.070700 ms MarkObjects: 2.208000 ms  DeleteObjects: 0.146400 ms)

========================================================================
Received Prepare
Registering precompiled user dll's ...
Registered in 0.001900 seconds.
Begin MonoManager ReloadAssembly
Native extension for WindowsStandalone target not found
Native extension for OSXStandalone target not found
Refreshing native plugins compatible for Editor in 0.50 ms, found 0 plugins.
Preloading 0 native plugins for Editor in 0.00 ms.
Invoked RoslynAnalysisRunner static constructor.
RoslynAnalysisRunner will not be running.
RoslynAnalysisRunner has terminated.
Mono: successfully reloaded assembly
- Completed reload, in  2.124 seconds
Platform modules already initialized, skipping
Refreshing native plugins compatible for Editor in 0.45 ms, found 0 plugins.
Preloading 0 native plugins for Editor in 0.00 ms.
Unloading 1115 Unused Serialized files (Serialized files now loaded: 0)
System memory in use before: 66.3 MB.
System memory in use after: 66.4 MB.

Unloading 5 unused Assets to reduce memory usage. Loaded Objects now: 1617.
Total: 3.735000 ms (FindLiveObjects: 0.214300 ms CreateObjectMapping: 0.047300 ms MarkObjects: 3.372300 ms  DeleteObjects: 0.099300 ms)

========================================================================
Received Import Request.
  Time since last request: 671.808284 seconds.
  path: Assets/Enemy_AI.cs
  artifactKey: Guid(1b296019b60d18f4a93c0ec15392b7e2) Importer(815301076,1909f56bfc062723c751e8b465ee728b)
Start importing Assets/Enemy_AI.cs using Guid(1b296019b60d18f4a93c0ec15392b7e2) Importer(815301076,1909f56bfc062723c751e8b465ee728b)  -> (artifact id: 'c5de8a8ae1ca265437c8a1679ac40e57') in 0.028425 seconds
  Import took 0.084742 seconds .

========================================================================
Received Prepare
Registering precompiled user dll's ...
Registered in 0.001595 seconds.
Begin MonoManager ReloadAssembly
Native extension for WindowsStandalone target not found
Native extension for OSXStandalone target not found
Refreshing native plugins compatible for Editor in 0.56 ms, found 0 plugins.
Preloading 0 native plugins for Editor in 0.00 ms.
Invoked RoslynAnalysisRunner static constructor.
RoslynAnalysisRunner will not be running.
RoslynAnalysisRunner has terminated.
Mono: successfully reloaded assembly
- Completed reload, in  1.821 seconds
Platform modules already initialized, skipping
Refreshing native plugins compatible for Editor in 1.43 ms, found 0 plugins.
Preloading 0 native plugins for Editor in 0.00 ms.
Unloading 1115 Unused Serialized files (Serialized files now loaded: 0)
System memory in use before: 66.3 MB.
System memory in use after: 66.4 MB.

Unloading 5 unused Assets to reduce memory usage. Loaded Objects now: 1619.
Total: 3.377400 ms (FindLiveObjects: 0.235900 ms CreateObjectMapping: 0.049300 ms MarkObjects: 3.000900 ms  DeleteObjects: 0.089400 ms)

========================================================================
Received Prepare
Registering precompiled user dll's ...
Registered in 0.001736 seconds.
Begin MonoManager ReloadAssembly
Native extension for WindowsStandalone target not found
Native extension for OSXStandalone target not found
Refreshing native plugins compatible for Editor in 0.68 ms, found 0 plugins.
Preloading 0 native plugins for Editor in 0.00 ms.
Invoked RoslynAnalysisRunner static constructor.
RoslynAnalysisRunner will not be running.
RoslynAnalysisRunner has terminated.
Mono: successfully reloaded assembly
- Completed reload, in  1.998 seconds
Platform modules already initialized, skipping
Refreshing native plugins compatible for Editor in 0.34 ms, found 0 plugins.
Preloading 0 native plugins for Editor in 0.00 ms.
Unloading 1115 Unused Serialized files (Serialized files now loaded: 0)
System memory in use before: 66.3 MB.
System memory in use after: 66.4 MB.

Unloading 5 unused Assets to reduce memory usage. Loaded Objects now: 1621.
Total: 3.825500 ms (FindLiveObjects: 0.443200 ms CreateObjectMapping: 0.054100 ms MarkObjects: 3.247200 ms  DeleteObjects: 0.079000 ms)

========================================================================
Received Import Request.
  Time since last request: 576.865322 seconds.
  path: Assets/The Lab - Sci-FiHorror Ambient Music - Copyright and Royalty Free.mp3
  artifactKey: Guid(a383fb6be68991742abb15d51efa7da9) Importer(815301076,1909f56bfc062723c751e8b465ee728b)
Start importing Assets/The Lab - Sci-FiHorror Ambient Music - Copyright and Royalty Free.mp3 using Guid(a383fb6be68991742abb15d51efa7da9) Importer(815301076,1909f56bfc062723c751e8b465ee728b)  -> (artifact id: 'f3f61f2b47d05b9d29f68e797f6811cb') in 0.246375 seconds
  Import took 0.283047 seconds .

========================================================================
Received Import Request.
  Time since last request: 223.335925 seconds.
  path: Assets/Winning_Goal.cs
  artifactKey: Guid(9d414f75c1473194f8c5f20fd6dbb486) Importer(815301076,1909f56bfc062723c751e8b465ee728b)
Start importing Assets/Winning_Goal.cs using Guid(9d414f75c1473194f8c5f20fd6dbb486) Importer(815301076,1909f56bfc062723c751e8b465ee728b)  -> (artifact id: 'b0f617dd84363f78119e9afdad3ec9f0') in 0.009237 seconds
  Import took 0.134975 seconds .

========================================================================
Received Import Request.
  Time since last request: 0.020120 seconds.
  path: Assets/Winning_Goal.cs
  artifactKey: Guid(9d414f75c1473194f8c5f20fd6dbb486) Importer(815301076,1909f56bfc062723c751e8b465ee728b)
Start importing Assets/Winning_Goal.cs using Guid(9d414f75c1473194f8c5f20fd6dbb486) Importer(815301076,1909f56bfc062723c751e8b465ee728b)  -> (artifact id: 'b0f617dd84363f78119e9afdad3ec9f0') in 0.006054 seconds
  Import took 0.010026 seconds .

========================================================================
Received Prepare
Registering precompiled user dll's ...
Registered in 0.002955 seconds.
Begin MonoManager ReloadAssembly
Native extension for WindowsStandalone target not found
Native extension for OSXStandalone target not found
Refreshing native plugins compatible for Editor in 0.53 ms, found 0 plugins.
Preloading 0 native plugins for Editor in 0.00 ms.
Invoked RoslynAnalysisRunner static constructor.
RoslynAnalysisRunner will not be running.
RoslynAnalysisRunner has terminated.
Mono: successfully reloaded assembly
- Completed reload, in  1.762 seconds
Platform modules already initialized, skipping
Refreshing native plugins compatible for Editor in 0.40 ms, found 0 plugins.
Preloading 0 native plugins for Editor in 0.00 ms.
Unloading 1115 Unused Serialized files (Serialized files now loaded: 0)
System memory in use before: 66.3 MB.
System memory in use after: 66.4 MB.

Unloading 5 unused Assets to reduce memory usage. Loaded Objects now: 1626.
Total: 3.433500 ms (FindLiveObjects: 0.361100 ms CreateObjectMapping: 0.106800 ms MarkObjects: 2.866800 ms  DeleteObjects: 0.096200 ms)

========================================================================
Received Import Request.
  Time since last request: 457.841473 seconds.
  path: Assets/Winning_Goal.cs
  artifactKey: Guid(9d414f75c1473194f8c5f20fd6dbb486) Importer(815301076,1909f56bfc062723c751e8b465ee728b)
Start importing Assets/Winning_Goal.cs using Guid(9d414f75c1473194f8c5f20fd6dbb486) Importer(815301076,1909f56bfc062723c751e8b465ee728b)  -> (artifact id: '6f73c7eb1d61cb1a80f6254e5c772aea') in 0.862324 seconds
  Import took 1.269266 seconds .

========================================================================
Received Import Request.
  Time since last request: 68.215650 seconds.
  path: Assets/FirstPersion AIO Pack/FirstPersonAIO/FirstPersonAIO.cs
  artifactKey: Guid(bf1a5ad4f9ffb154ca7813fdad11017a) Importer(815301076,1909f56bfc062723c751e8b465ee728b)
Start importing Assets/FirstPersion AIO Pack/FirstPersonAIO/FirstPersonAIO.cs using Guid(bf1a5ad4f9ffb154ca7813fdad11017a) Importer(815301076,1909f56bfc062723c751e8b465ee728b)  -> (artifact id: '15ad3ff3be9b8eed703d7fe163e59639') in 0.027333 seconds
  Import took 0.188188 seconds .

========================================================================
Received Import Request.
  Time since last request: 0.722134 seconds.
  path: Assets/FirstPersion AIO Pack/FirstPersonAIO/FirstPersonAIO.cs
  artifactKey: Guid(bf1a5ad4f9ffb154ca7813fdad11017a) Importer(815301076,1909f56bfc062723c751e8b465ee728b)
Start importing Assets/FirstPersion AIO Pack/FirstPersonAIO/FirstPersonAIO.cs using Guid(bf1a5ad4f9ffb154ca7813fdad11017a) Importer(815301076,1909f56bfc062723c751e8b465ee728b)  -> (artifact id: '15ad3ff3be9b8eed703d7fe163e59639') in 0.008889 seconds
  Import took 0.015182 seconds .

========================================================================
Received Prepare
Registering precompiled user dll's ...
Registered in 0.002279 seconds.
Begin MonoManager ReloadAssembly
Native extension for WindowsStandalone target not found
Native extension for OSXStandalone target not found
Refreshing native plugins compatible for Editor in 0.46 ms, found 0 plugins.
Preloading 0 native plugins for Editor in 0.00 ms.
Invoked RoslynAnalysisRunner static constructor.
RoslynAnalysisRunner will not be running.
RoslynAnalysisRunner has terminated.
Mono: successfully reloaded assembly
- Completed reload, in  1.954 seconds
Platform modules already initialized, skipping
Refreshing native plugins compatible for Editor in 1.69 ms, found 0 plugins.
Preloading 0 native plugins for Editor in 0.00 ms.
Unloading 1114 Unused Serialized files (Serialized files now loaded: 0)
System memory in use before: 66.4 MB.
System memory in use after: 66.4 MB.

Unloading 6 unused Assets to reduce memory usage. Loaded Objects now: 1627.
Total: 544.497200 ms (FindLiveObjects: 40.320600 ms CreateObjectMapping: 0.182900 ms MarkObjects: 456.307600 ms  DeleteObjects: 47.681800 ms)

AssetImportWorkerClient::OnTransportError - code=2 error=End of file
